2020-10-12 22:16:03 INFO  Log:11 - Test is Starting...
2020-10-12 22:16:08 INFO  Log:16 - Test is Ending...
2020-10-12 22:16:08 INFO  Log:11 - Test is Starting...
2020-10-12 22:16:16 INFO  Log:16 - Test is Ending...
2020-10-12 22:19:30 INFO  Log:11 - Test is Starting...
2020-10-12 22:19:36 INFO  Log:21 - Waiting to Assert!
2020-10-12 22:19:36 INFO  Log:21 - Stats is visible!
2020-10-12 22:19:36 INFO  Log:16 - Test is Ending...
2020-10-12 22:19:37 INFO  Log:11 - Test is Starting...
2020-10-12 22:19:42 INFO  Log:21 - Waiting to Assert!
2020-10-12 22:19:42 INFO  Log:21 - Stats is visible!
2020-10-12 22:19:42 INFO  Log:16 - Test is Ending...
2020-10-12 22:21:42 INFO  Log:11 - Test is Starting...
2020-10-12 22:21:46 INFO  Log:21 - Main page was opened
2020-10-12 22:21:46 INFO  Log:21 - Query was typed
2020-10-12 22:21:47 INFO  Log:21 - Waiting to Assert!
2020-10-12 22:21:47 INFO  Log:21 - Stats is visible!
2020-10-12 22:21:47 INFO  Log:16 - Test is Ending...
2020-10-12 22:21:48 INFO  Log:11 - Test is Starting...
2020-10-12 22:21:52 INFO  Log:21 - Main page was opened
2020-10-12 22:21:52 INFO  Log:21 - Query was typed
2020-10-12 22:21:53 INFO  Log:21 - Waiting to Assert!
2020-10-12 22:21:53 INFO  Log:21 - Stats is visible!
2020-10-12 22:21:53 INFO  Log:16 - Test is Ending...
2020-10-12 22:25:03 INFO  Log:11 - Test is Starting...
2020-10-12 22:25:19 INFO  Log:11 - Test is Starting...
2020-10-12 22:25:24 INFO  Log:21 - Main page was opened
2020-10-12 22:25:24 INFO  Log:21 - Query was typed
2020-10-12 22:25:25 INFO  Log:21 - Waiting to Assert!
2020-10-12 22:25:25 INFO  Log:21 - Stats is visible!
2020-10-12 22:25:25 ERROR Log:31 - ERROR message!!!
2020-10-12 22:25:25 FATAL Log:36 - FATAL message!!!
2020-10-12 22:25:25 WARN  Log:26 - Warning message!!!
2020-10-12 22:25:25 INFO  Log:16 - Test is Ending...
2020-10-12 22:25:25 INFO  Log:11 - Test is Starting...
2020-10-12 22:25:30 INFO  Log:21 - Main page was opened
2020-10-12 22:25:30 INFO  Log:21 - Query was typed
2020-10-12 22:25:40 INFO  Log:16 - Test is Ending...
2020-10-12 22:30:09 INFO  Log:11 - Test is Starting...
2020-10-12 22:30:14 INFO  Log:21 - Main page was opened
2020-10-12 22:30:15 INFO  Log:21 - Query was typed
2020-10-12 22:30:16 INFO  Log:21 - Waiting to Assert!
2020-10-12 22:30:16 INFO  Log:21 - Stats is visible!
2020-10-12 22:30:16 ERROR Log:31 - ERROR message!!!
2020-10-12 22:30:16 FATAL Log:39 - FATAL message!!!
2020-10-12 22:30:16 WARN  Log:26 - Warning message!!!
2020-10-12 22:30:16 INFO  Log:16 - Test is Ending...
2020-10-12 22:30:16 INFO  Log:11 - Test is Starting...
2020-10-12 22:30:23 INFO  Log:21 - Main page was opened
2020-10-12 22:30:23 INFO  Log:21 - Query was typed
2020-10-12 22:30:24 INFO  Log:21 - Waiting to Assert!
2020-10-12 22:30:24 INFO  Log:21 - Stats is visible!
2020-10-12 22:30:24 ERROR Log:31 - ERROR message!!!
2020-10-12 22:30:24 FATAL Log:39 - FATAL message!!!
2020-10-12 22:30:24 WARN  Log:26 - Warning message!!!
2020-10-12 22:30:24 INFO  Log:16 - Test is Ending...
