2020-10-12 22:16:03 INFO  Log:11 - Test is Starting...
2020-10-12 22:16:08 INFO  Log:16 - Test is Ending...
2020-10-12 22:16:08 INFO  Log:11 - Test is Starting...
2020-10-12 22:16:16 INFO  Log:16 - Test is Ending...
2020-10-12 22:19:30 INFO  Log:11 - Test is Starting...
2020-10-12 22:19:36 INFO  Log:21 - Waiting to Assert!
2020-10-12 22:19:36 INFO  Log:21 - Stats is visible!
2020-10-12 22:19:36 INFO  Log:16 - Test is Ending...
2020-10-12 22:19:37 INFO  Log:11 - Test is Starting...
2020-10-12 22:19:42 INFO  Log:21 - Waiting to Assert!
2020-10-12 22:19:42 INFO  Log:21 - Stats is visible!
2020-10-12 22:19:42 INFO  Log:16 - Test is Ending...
2020-10-12 22:21:42 INFO  Log:11 - Test is Starting...
2020-10-12 22:21:46 INFO  Log:21 - Main page was opened
2020-10-12 22:21:46 INFO  Log:21 - Query was typed
2020-10-12 22:21:47 INFO  Log:21 - Waiting to Assert!
2020-10-12 22:21:47 INFO  Log:21 - Stats is visible!
2020-10-12 22:21:47 INFO  Log:16 - Test is Ending...
2020-10-12 22:21:48 INFO  Log:11 - Test is Starting...
2020-10-12 22:21:52 INFO  Log:21 - Main page was opened
2020-10-12 22:21:52 INFO  Log:21 - Query was typed
2020-10-12 22:21:53 INFO  Log:21 - Waiting to Assert!
2020-10-12 22:21:53 INFO  Log:21 - Stats is visible!
2020-10-12 22:21:53 INFO  Log:16 - Test is Ending...
2020-10-12 22:25:03 INFO  Log:11 - Test is Starting...
2020-10-12 22:25:19 INFO  Log:11 - Test is Starting...
2020-10-12 22:25:24 INFO  Log:21 - Main page was opened
2020-10-12 22:25:24 INFO  Log:21 - Query was typed
2020-10-12 22:25:25 INFO  Log:21 - Waiting to Assert!
2020-10-12 22:25:25 INFO  Log:21 - Stats is visible!
2020-10-12 22:25:25 ERROR Log:31 - ERROR message!!!
2020-10-12 22:25:25 FATAL Log:36 - FATAL message!!!
2020-10-12 22:25:25 WARN  Log:26 - Warning message!!!
2020-10-12 22:25:25 INFO  Log:16 - Test is Ending...
2020-10-12 22:25:25 INFO  Log:11 - Test is Starting...
2020-10-12 22:25:30 INFO  Log:21 - Main page was opened
2020-10-12 22:25:30 INFO  Log:21 - Query was typed
2020-10-12 22:25:40 INFO  Log:16 - Test is Ending...
2020-10-12 22:30:09 INFO  Log:11 - Test is Starting...
2020-10-12 22:30:14 INFO  Log:21 - Main page was opened
2020-10-12 22:30:15 INFO  Log:21 - Query was typed
2020-10-12 22:30:16 INFO  Log:21 - Waiting to Assert!
2020-10-12 22:30:16 INFO  Log:21 - Stats is visible!
2020-10-12 22:30:16 ERROR Log:31 - ERROR message!!!
2020-10-12 22:30:16 FATAL Log:39 - FATAL message!!!
2020-10-12 22:30:16 WARN  Log:26 - Warning message!!!
2020-10-12 22:30:16 INFO  Log:16 - Test is Ending...
2020-10-12 22:30:16 INFO  Log:11 - Test is Starting...
2020-10-12 22:30:23 INFO  Log:21 - Main page was opened
2020-10-12 22:30:23 INFO  Log:21 - Query was typed
2020-10-12 22:30:24 INFO  Log:21 - Waiting to Assert!
2020-10-12 22:30:24 INFO  Log:21 - Stats is visible!
2020-10-12 22:30:24 ERROR Log:31 - ERROR message!!!
2020-10-12 22:30:24 FATAL Log:39 - FATAL message!!!
2020-10-12 22:30:24 WARN  Log:26 - Warning message!!!
2020-10-12 22:30:24 INFO  Log:16 - Test is Ending...
2020-10-13 22:01:16 INFO  Log:11 - Test is Starting...
2020-10-13 22:01:22 INFO  Log:21 - Main page was opened
2020-10-13 22:01:22 INFO  Log:21 - Query was typed
2020-10-13 22:01:24 INFO  Log:21 - Waiting to result!
2020-10-13 22:01:24 INFO  Log:21 - Stats is visible!
2020-10-13 22:01:24 INFO  Log:16 - Test is Ending...
2020-10-13 22:01:25 INFO  Log:11 - Test is Starting...
2020-10-13 22:01:34 INFO  Log:21 - Main page was opened
2020-10-13 22:01:34 INFO  Log:21 - Query was typed
2020-10-13 22:01:35 INFO  Log:21 - Waiting to result!
2020-10-13 22:01:35 INFO  Log:21 - Stats is visible!
2020-10-13 22:01:35 INFO  Log:16 - Test is Ending...
2020-10-13 22:22:18 INFO  Log:11 - Test is Starting...
2020-10-13 22:23:12 INFO  Log:11 - Test is Starting...
2020-10-13 22:23:44 INFO  Log:11 - Test is Starting...
2020-10-13 22:24:23 INFO  Log:11 - Test is Starting...
2020-10-13 22:24:35 INFO  Log:21 - Main page was opened
2020-10-13 22:24:35 INFO  Log:21 - Query was typed
2020-10-13 22:24:37 INFO  Log:21 - Waiting to result!
2020-10-13 22:24:37 INFO  Log:21 - Stats is visible!
2020-10-13 22:24:38 INFO  Log:16 - Test is Ending...
2020-10-13 22:24:38 INFO  Log:11 - Test is Starting...
2020-10-13 22:24:45 INFO  Log:21 - Main page was opened
2020-10-13 22:24:45 INFO  Log:21 - Query was typed
2020-10-13 22:24:46 INFO  Log:21 - Waiting to result!
2020-10-13 22:24:46 INFO  Log:21 - Stats is visible!
2020-10-13 22:24:46 INFO  Log:16 - Test is Ending...
2020-10-13 22:35:49 INFO  Log:11 - Test is Starting...
2020-10-13 22:35:56 INFO  Log:21 - Main page was opened
2020-10-13 22:35:56 INFO  Log:21 - Query was typed
2020-10-13 22:35:57 INFO  Log:21 - Waiting to result!
2020-10-13 22:35:57 INFO  Log:21 - Stats is visible!
2020-10-13 22:35:58 INFO  Log:16 - Test is Ending...
2020-10-13 22:35:58 INFO  Log:16 - Test is Ending...
2020-10-13 22:35:58 INFO  Log:16 - Test is Ending...
2020-10-13 22:35:58 INFO  Log:11 - Test is Starting...
2020-10-13 22:36:05 INFO  Log:21 - Main page was opened
2020-10-13 22:36:05 INFO  Log:21 - Query was typed
2020-10-13 22:36:06 INFO  Log:21 - Waiting to result!
2020-10-13 22:36:06 INFO  Log:21 - Stats is visible!
2020-10-13 22:36:06 INFO  Log:16 - Test is Ending...
2020-10-13 22:37:31 INFO  Log:11 - Test is Starting...
2020-10-13 22:37:36 INFO  Log:21 - Main page was opened
2020-10-13 22:37:36 INFO  Log:21 - Query was typed
2020-10-13 22:37:39 INFO  Log:21 - Waiting to result!
2020-10-13 22:37:39 INFO  Log:21 - Stats is visible!
2020-10-13 22:37:39 INFO  Log:16 - Test is Ending...
2020-10-13 22:37:39 INFO  Log:16 - Test is Ending...
2020-10-13 22:37:39 INFO  Log:16 - Test is Ending...
2020-10-13 22:37:39 INFO  Log:11 - Test is Starting...
2020-10-13 22:37:45 INFO  Log:21 - Main page was opened
2020-10-13 22:37:45 INFO  Log:21 - Query was typed
2020-10-13 22:37:48 INFO  Log:21 - Waiting to result!
2020-10-13 22:37:48 INFO  Log:21 - Stats is visible!
2020-10-13 22:37:48 INFO  Log:16 - Test is Ending...
2020-10-13 22:39:18 INFO  Log:11 - Test is Starting...
2020-10-13 22:39:25 INFO  Log:16 - Test is Ending...
2020-10-13 22:39:25 INFO  Log:11 - Test is Starting...
2020-10-13 22:39:32 INFO  Log:21 - Main page was opened
2020-10-13 22:39:32 INFO  Log:21 - Query was typed
2020-10-13 22:39:33 INFO  Log:21 - Waiting to result!
2020-10-13 22:39:33 INFO  Log:21 - Stats is visible!
2020-10-13 22:39:33 INFO  Log:16 - Test is Ending...
2020-10-13 22:41:05 INFO  Log:11 - Test is Starting...
2020-10-13 22:41:09 INFO  Log:21 - Main page was opened
2020-10-13 22:41:09 INFO  Log:21 - Query was typed
2020-10-13 22:41:10 INFO  Log:21 - Waiting to result!
2020-10-13 22:41:10 INFO  Log:21 - Stats is visible!
2020-10-13 22:41:11 INFO  Log:16 - Test is Ending...
2020-10-13 22:41:11 INFO  Log:16 - Test is Ending...
2020-10-13 22:41:11 INFO  Log:16 - Test is Ending...
2020-10-13 22:41:11 INFO  Log:11 - Test is Starting...
2020-10-13 22:41:17 INFO  Log:16 - Test is Ending...
2020-10-13 22:43:32 INFO  Log:11 - Test is Starting...
2020-10-13 22:43:39 INFO  Log:16 - Test is Ending...
2020-10-13 22:43:39 INFO  Log:16 - Test is Ending...
2020-10-13 22:43:39 INFO  Log:11 - Test is Starting...
2020-10-13 22:43:45 INFO  Log:21 - Main page was opened
2020-10-13 22:43:45 INFO  Log:21 - Query was typed
2020-10-13 22:43:47 INFO  Log:21 - Waiting to result!
2020-10-13 22:43:47 INFO  Log:21 - Stats is visible!
2020-10-13 22:43:47 INFO  Log:16 - Test is Ending...
2020-10-13 22:44:19 INFO  Log:11 - Test is Starting...
2020-10-13 22:44:26 INFO  Log:16 - Test is Ending...
2020-10-13 22:44:26 INFO  Log:16 - Test is Ending...
2020-10-13 22:44:26 INFO  Log:11 - Test is Starting...
2020-10-13 22:44:31 INFO  Log:21 - Main page was opened
2020-10-13 22:44:32 INFO  Log:21 - Query was typed
2020-10-13 22:44:33 INFO  Log:21 - Waiting to result!
2020-10-13 22:44:33 INFO  Log:21 - Stats is visible!
2020-10-13 22:44:33 INFO  Log:16 - Test is Ending...
2020-10-13 22:50:46 INFO  Log:11 - Test is Starting...
2020-10-13 22:50:54 INFO  Log:16 - Test is Ending...
2020-10-13 22:50:54 INFO  Log:11 - Test is Starting...
2020-10-13 22:51:01 INFO  Log:21 - Main page was opened
2020-10-13 22:51:01 INFO  Log:21 - Query was typed
2020-10-13 22:51:02 INFO  Log:21 - Waiting to result!
2020-10-13 22:51:02 INFO  Log:21 - Stats is visible!
2020-10-13 22:51:02 INFO  Log:16 - Test is Ending...
2020-10-13 22:53:18 INFO  Log:11 - Test is Starting...
2020-10-13 22:53:26 INFO  Log:16 - Test is Ending...
2020-10-13 22:53:26 INFO  Log:11 - Test is Starting...
2020-10-13 22:53:32 INFO  Log:21 - Main page was opened
2020-10-13 22:53:32 INFO  Log:21 - Query was typed
2020-10-13 22:53:33 INFO  Log:21 - Waiting to result!
2020-10-13 22:53:33 INFO  Log:21 - Stats is visible!
2020-10-13 22:53:33 INFO  Log:16 - Test is Ending...
2020-10-13 22:54:15 INFO  Log:11 - Test is Starting...
2020-10-13 22:54:22 INFO  Log:16 - Test is Ending...
2020-10-13 22:54:22 INFO  Log:11 - Test is Starting...
2020-10-13 22:54:28 INFO  Log:21 - Main page was opened
2020-10-13 22:54:28 INFO  Log:21 - Query was typed
2020-10-13 22:54:29 INFO  Log:21 - Waiting to result!
2020-10-13 22:54:29 INFO  Log:21 - Stats is visible!
2020-10-13 22:54:29 INFO  Log:16 - Test is Ending...
2020-10-13 22:55:23 INFO  Log:11 - Test is Starting...
2020-10-13 22:55:30 INFO  Log:16 - Test is Ending...
2020-10-13 22:55:31 INFO  Log:11 - Test is Starting...
2020-10-13 22:57:10 INFO  Log:11 - Test is Starting...
2020-10-13 22:57:17 INFO  Log:16 - Test is Ending...
2020-10-13 22:57:17 INFO  Log:11 - Test is Starting...
2020-10-13 22:57:24 INFO  Log:16 - Test is Ending...
2020-10-13 22:58:25 INFO  Log:11 - Test is Starting...
2020-10-13 23:05:42 INFO  Log:11 - Test is Starting...
2020-10-13 23:42:25 INFO  Log:11 - Test is Starting...
2020-10-13 23:43:46 INFO  Log:11 - Test is Starting...
2020-10-13 23:44:27 INFO  Log:11 - Test is Starting...
2020-10-13 23:45:22 INFO  Log:11 - Test is Starting...
2020-10-13 23:45:37 INFO  Log:11 - Test is Starting...
2020-10-13 23:45:47 INFO  Log:11 - Test is Starting...
2020-10-13 23:46:33 INFO  Log:11 - Test is Starting...
2020-10-13 23:46:39 INFO  Log:21 - Main page was opened
2020-10-13 23:46:39 INFO  Log:21 - Query was typed
2020-10-13 23:46:42 INFO  Log:21 - Waiting to result!
2020-10-13 23:46:42 INFO  Log:21 - Stats is visible!
2020-10-13 23:46:43 INFO  Log:16 - Test is Ending...
2020-10-13 23:46:43 INFO  Log:16 - Test is Ending...
2020-10-13 23:46:43 INFO  Log:16 - Test is Ending...
2020-10-13 23:48:43 INFO  Log:11 - Test is Starting...
2020-10-13 23:48:48 INFO  Log:21 - Main page was opened
2020-10-13 23:48:48 INFO  Log:21 - Query was typed
2020-10-13 23:48:49 INFO  Log:21 - Waiting to result!
2020-10-13 23:48:49 INFO  Log:21 - Stats is visible!
2020-10-13 23:48:50 INFO  Log:16 - Test is Ending...
2020-10-13 23:48:50 INFO  Log:16 - Test is Ending...
2020-10-13 23:55:08 INFO  Log:16 - Test is Ending...
2020-10-13 23:55:20 INFO  Log:11 - Test is Starting...
2020-10-13 23:55:29 INFO  Log:16 - Test is Ending...
2020-10-13 23:55:29 INFO  Log:16 - Test is Ending...
2020-10-13 23:55:29 INFO  Log:16 - Test is Ending...
2020-10-13 23:56:42 INFO  Log:11 - Test is Starting...
2020-10-13 23:57:22 INFO  Log:11 - Test is Starting...
2020-10-13 23:57:56 INFO  Log:11 - Test is Starting...
2020-10-13 23:58:18 INFO  Log:11 - Test is Starting...
2020-10-13 23:58:25 INFO  Log:16 - Test is Ending...
2020-10-13 23:58:26 INFO  Log:16 - Test is Ending...
2020-10-13 23:58:26 INFO  Log:16 - Test is Ending...
2020-10-14 00:00:29 INFO  Log:11 - Test is Starting...
2020-10-14 00:00:36 INFO  Log:16 - Test is Ending...
2020-10-14 00:00:36 INFO  Log:16 - Test is Ending...
2020-10-14 00:02:29 INFO  Log:11 - Test is Starting...
2020-10-14 00:02:54 INFO  Log:11 - Test is Starting...
2020-10-14 00:04:12 INFO  Log:11 - Test is Starting...
2020-10-14 00:04:19 INFO  Log:16 - Test is Ending...
2020-10-14 00:05:09 INFO  Log:11 - Test is Starting...
2020-10-14 00:24:30 INFO  Log:16 - Test is Ending...
2020-10-14 00:28:53 INFO  Log:11 - Test is Starting...
2020-10-14 00:29:00 INFO  Log:16 - Test is Ending...
2020-10-14 00:29:00 INFO  Log:16 - Test is Ending...
2020-10-14 00:30:05 INFO  Log:11 - Test is Starting...
2020-10-14 00:30:12 INFO  Log:16 - Test is Ending...
2020-10-14 00:37:39 INFO  Log:11 - Test is Starting...
2020-10-14 00:37:46 INFO  Log:16 - Test is Ending...
2020-10-14 00:38:28 INFO  Log:11 - Test is Starting...
2020-10-14 00:38:33 INFO  Log:16 - Test is Ending...
2020-10-14 00:38:33 INFO  Log:16 - Test is Ending...
2020-10-14 00:38:33 INFO  Log:16 - Test is Ending...
2020-10-14 00:39:00 INFO  Log:11 - Test is Starting...
2020-10-14 00:39:07 INFO  Log:16 - Test is Ending...
2020-10-14 00:39:07 INFO  Log:16 - Test is Ending...
2020-10-14 00:39:07 INFO  Log:16 - Test is Ending...
2020-10-14 00:40:23 INFO  Log:11 - Test is Starting...
2020-10-14 00:40:31 INFO  Log:16 - Test is Ending...
2020-10-14 00:40:31 INFO  Log:16 - Test is Ending...
2020-10-14 00:40:31 INFO  Log:16 - Test is Ending...
2020-10-14 00:53:17 INFO  Log:11 - Test is Starting...
2020-10-14 00:53:25 INFO  Log:16 - Test is Ending...
2020-10-14 00:53:51 INFO  Log:21 - test01
2020-10-14 00:54:26 INFO  Log:21 - test01
2020-10-14 00:54:26 INFO  Log:21 - test02
2020-10-14 00:54:26 INFO  Log:21 - test03
2020-10-14 00:55:49 INFO  Log:21 - test03
2020-10-14 00:55:49 INFO  Log:21 - test01
2020-10-14 00:55:49 INFO  Log:21 - test02
2020-10-14 00:57:54 INFO  Log:21 - test03
2020-10-14 00:58:32 INFO  Log:21 - test01
2020-10-14 00:58:32 INFO  Log:21 - test02
2020-10-14 01:03:59 INFO  Log:21 - test02
2020-10-14 01:03:59 INFO  Log:21 - test03
2020-10-14 01:04:58 INFO  Log:21 - test02
2020-10-14 01:04:59 INFO  Log:21 - test03
2020-10-14 01:04:59 INFO  Log:21 - test01
2020-10-14 01:08:13 INFO  Log:21 - test02
2020-10-14 01:08:13 INFO  Log:21 - test03
2020-10-14 01:08:13 INFO  Log:21 - test01
2020-10-14 01:08:48 INFO  Log:11 - Test is Starting...
2020-10-14 01:08:55 INFO  Log:16 - Test is Ending...
2020-10-14 01:10:13 INFO  Log:21 - test03
2020-10-14 01:10:14 INFO  Log:21 - test02
2020-10-14 01:10:14 INFO  Log:21 - test01
2020-10-14 01:10:37 INFO  Log:21 - test03
2020-10-14 01:10:37 INFO  Log:21 - test01
2020-10-14 01:10:37 INFO  Log:21 - test02
2020-10-14 01:12:33 INFO  Log:21 - test01
2020-10-14 01:12:33 INFO  Log:21 - test02
2020-10-14 01:13:23 INFO  Log:21 - test01
2020-10-14 01:13:50 INFO  Log:21 - test01
2020-10-14 01:13:51 INFO  Log:21 - test02
2020-10-14 01:20:10 INFO  Log:21 - test01
2020-10-14 01:20:11 INFO  Log:21 - test02
2020-10-14 01:22:03 INFO  Log:21 - test01
2020-10-14 01:22:03 INFO  Log:21 - test02
2020-10-14 01:23:14 INFO  Log:21 - test01
2020-10-14 01:23:14 INFO  Log:21 - test02
2020-10-14 01:24:25 INFO  Log:21 - test01
2020-10-14 01:24:25 INFO  Log:21 - test02
2020-10-14 01:25:22 INFO  Log:21 - test01
2020-10-14 01:25:22 INFO  Log:21 - test02
2020-10-14 01:26:53 INFO  Log:21 - test02
2020-10-14 01:26:53 INFO  Log:21 - test03
2020-10-14 01:27:43 INFO  Log:21 - test02
2020-10-14 01:27:44 INFO  Log:21 - test03
2020-10-14 01:28:05 INFO  Log:21 - test01
2020-10-14 01:28:05 INFO  Log:21 - test02
2020-10-14 01:35:57 INFO  Log:21 - test01
2020-10-14 01:35:57 INFO  Log:21 - test02
2020-10-14 01:36:50 INFO  Log:11 - Test is Starting...
2020-10-14 01:37:10 INFO  Log:21 - Main page was opened
2020-10-14 01:37:10 INFO  Log:21 - Query was typed
2020-10-14 01:37:12 INFO  Log:21 - Waiting to result!
2020-10-14 01:37:12 INFO  Log:21 - Stats is visible!
2020-10-14 01:37:12 INFO  Log:16 - Test is Ending...
2020-10-14 01:37:12 INFO  Log:16 - Test is Ending...
2020-10-14 01:37:12 INFO  Log:16 - Test is Ending...
2020-10-14 01:37:46 INFO  Log:11 - Test is Starting...
2020-10-14 01:37:53 INFO  Log:16 - Test is Ending...
2020-10-14 01:37:53 INFO  Log:11 - Test is Starting...
2020-10-14 01:38:01 INFO  Log:16 - Test is Ending...
2020-10-14 01:38:56 INFO  Log:11 - Test is Starting...
2020-10-14 01:39:01 INFO  Log:21 - Main page was opened
2020-10-14 01:39:01 INFO  Log:21 - Query was typed
2020-10-14 01:39:04 INFO  Log:21 - Waiting to result!
2020-10-14 01:39:04 INFO  Log:21 - Stats is visible!
2020-10-14 01:39:04 INFO  Log:16 - Test is Ending...
2020-10-14 01:39:04 INFO  Log:16 - Test is Ending...
2020-10-14 01:39:04 INFO  Log:16 - Test is Ending...
2020-10-14 22:31:58 INFO  Log:11 - Test is Starting...
2020-10-14 22:32:03 INFO  Log:21 - Main page was opened
2020-10-14 22:32:04 INFO  Log:21 - Query was typed
2020-10-14 22:32:05 INFO  Log:21 - Waiting to result!
2020-10-14 22:32:05 INFO  Log:21 - Stats is visible!
2020-10-14 22:32:05 INFO  Log:16 - Test is Ending...
2020-10-14 22:32:06 INFO  Log:16 - Test is Ending...
2020-10-14 22:32:06 INFO  Log:16 - Test is Ending...
2020-10-14 22:34:13 INFO  Log:11 - Test is Starting...
2020-10-14 22:34:19 INFO  Log:21 - Main page was opened
2020-10-14 22:40:00 INFO  Log:11 - Test is Starting...
2020-10-14 22:40:05 INFO  Log:21 - Main page was opened
2020-10-14 22:40:05 INFO  Log:21 - Query was typed
2020-10-14 22:40:06 INFO  Log:21 - Waiting to result!
2020-10-14 22:40:06 INFO  Log:21 - Stats is visible!
2020-10-14 22:40:07 INFO  Log:16 - Test is Ending...
2020-10-14 22:40:07 INFO  Log:16 - Test is Ending...
2020-10-14 22:40:07 INFO  Log:16 - Test is Ending...
2020-10-14 22:42:40 INFO  Log:11 - Test is Starting...
2020-10-14 22:42:45 INFO  Log:21 - Main page was opened
2020-10-14 22:44:06 INFO  Log:21 - Query was typed
2020-10-14 22:44:40 INFO  Log:11 - Test is Starting...
2020-10-14 22:44:45 INFO  Log:21 - Main page was opened
2020-10-14 22:44:56 INFO  Log:21 - Query was typed
2020-10-14 22:45:37 INFO  Log:21 - Waiting to result!
2020-10-14 22:45:40 INFO  Log:21 - Stats is visible!
2020-10-14 22:46:44 INFO  Log:11 - Test is Starting...
2020-10-14 22:46:50 INFO  Log:21 - Main page was opened
2020-10-14 22:47:02 INFO  Log:11 - Test is Starting...
2020-10-14 22:47:07 INFO  Log:21 - Main page was opened
2020-10-14 22:47:16 INFO  Log:21 - Query was typed
2020-10-14 22:47:24 INFO  Log:11 - Test is Starting...
2020-10-14 22:47:29 INFO  Log:21 - Main page was opened
2020-10-14 22:47:29 INFO  Log:21 - Query was typed
2020-10-14 22:47:30 INFO  Log:21 - Waiting to result!
2020-10-14 22:47:30 INFO  Log:21 - Stats is visible!
2020-10-14 22:48:41 INFO  Log:11 - Test is Starting...
2020-10-14 22:48:46 INFO  Log:21 - Main page was opened
2020-10-14 22:48:46 INFO  Log:21 - Query was typed
2020-10-14 22:48:48 INFO  Log:21 - Waiting to result!
2020-10-14 22:48:48 INFO  Log:21 - Stats is visible!
2020-10-14 22:50:44 INFO  Log:11 - Test is Starting...
2020-10-14 22:50:48 INFO  Log:21 - Main page was opened
2020-10-14 22:50:48 INFO  Log:21 - Query was typed
2020-10-14 22:50:50 INFO  Log:21 - Waiting to result!
2020-10-14 22:50:50 INFO  Log:21 - Stats is visible!
2020-10-14 22:50:54 INFO  Log:11 - Test is Starting...
2020-10-14 22:59:15 INFO  Log:11 - Test is Starting...
2020-10-14 22:59:25 INFO  Log:21 - Main page was opened
2020-10-14 22:59:25 INFO  Log:21 - Query was typed
2020-10-14 22:59:27 INFO  Log:21 - Waiting to result!
2020-10-14 22:59:27 INFO  Log:21 - Stats is visible!
2020-10-14 22:59:29 INFO  Log:11 - Test is Starting...
2020-10-14 22:59:38 INFO  Log:21 - Main page was opened
2020-10-14 22:59:39 INFO  Log:21 - Query was typed
2020-10-14 22:59:40 INFO  Log:21 - Waiting to result!
2020-10-14 22:59:40 INFO  Log:21 - Stats is visible!
2020-10-14 23:04:44 INFO  Log:11 - Test is Starting...
2020-10-14 23:04:54 INFO  Log:21 - Main page was opened
2020-10-14 23:04:54 INFO  Log:21 - Query was typed
2020-10-14 23:04:55 INFO  Log:21 - Waiting to result!
2020-10-14 23:04:55 INFO  Log:21 - Stats is visible!
2020-10-14 23:04:58 INFO  Log:11 - Test is Starting...
2020-10-14 23:05:09 INFO  Log:21 - Main page was opened
2020-10-14 23:05:09 INFO  Log:21 - Query was typed
2020-10-14 23:05:10 INFO  Log:21 - Waiting to result!
2020-10-14 23:05:10 INFO  Log:21 - Stats is visible!
2020-10-14 23:06:33 INFO  Log:11 - Test is Starting...
2020-10-14 23:06:40 INFO  Log:21 - Main page was opened
2020-10-14 23:06:41 INFO  Log:21 - Query was typed
2020-10-14 23:06:41 INFO  Log:21 - Waiting to result!
2020-10-14 23:06:41 INFO  Log:21 - Stats is visible!
2020-10-14 23:06:43 INFO  Log:11 - Test is Starting...
2020-10-14 23:06:50 INFO  Log:21 - Main page was opened
2020-10-14 23:06:50 INFO  Log:21 - Query was typed
2020-10-14 23:06:52 INFO  Log:21 - Waiting to result!
2020-10-14 23:06:52 INFO  Log:21 - Stats is visible!
2020-10-18 21:26:33 INFO  Log:11 - Test is Starting...
2020-10-18 21:26:41 INFO  Log:21 - Main page was opened
2020-10-18 21:26:42 INFO  Log:21 - Query was typed
2020-10-18 21:26:43 INFO  Log:21 - Waiting to result!
2020-10-18 21:26:43 INFO  Log:21 - Stats is visible!
2020-10-18 21:26:45 INFO  Log:11 - Test is Starting...
2020-10-18 21:26:53 INFO  Log:21 - Main page was opened
2020-10-18 21:26:53 INFO  Log:21 - Query was typed
2020-10-18 21:26:54 INFO  Log:21 - Waiting to result!
2020-10-18 21:26:54 INFO  Log:21 - Stats is visible!
2020-10-19 00:40:27 INFO  Log:11 - Test is Starting...
2020-10-19 00:40:37 INFO  Log:21 - Main page was opened
2020-10-19 00:40:37 INFO  Log:21 - Query was typed
2020-10-19 00:40:37 INFO  Log:11 - Test is Starting...
2020-10-19 00:40:46 INFO  Log:21 - Main page was opened
2020-10-19 00:40:46 INFO  Log:21 - Query was typed
2020-10-19 00:40:47 INFO  Log:21 - Waiting to result!
2020-10-19 00:40:47 INFO  Log:21 - Stats is visible!
2020-10-19 00:40:59 INFO  Log:11 - Test is Starting...
2020-10-19 00:41:38 INFO  Log:11 - Test is Starting...
2020-10-19 21:20:52 INFO  Log:11 - Test is Starting...
2020-10-19 21:21:13 INFO  Log:21 - Main page was opened
2020-10-19 21:21:13 INFO  Log:21 - Query was typed
2020-10-19 21:21:14 INFO  Log:21 - Waiting to result!
2020-10-19 21:21:14 INFO  Log:21 - Stats is visible!
2020-10-19 21:21:16 INFO  Log:11 - Test is Starting...
2020-10-19 21:21:24 INFO  Log:21 - Main page was opened
2020-10-19 21:21:24 INFO  Log:21 - Query was typed
2020-10-19 21:21:25 INFO  Log:21 - Waiting to result!
2020-10-19 21:21:25 INFO  Log:21 - Stats is visible!
2020-10-19 21:31:59 INFO  Log:11 - Test is Starting...
2020-10-19 21:34:01 INFO  Log:11 - Test is Starting...
2020-10-19 21:34:10 INFO  Log:21 - Main page was opened
2020-10-19 21:34:10 INFO  Log:21 - Query was typed
2020-10-19 21:34:11 INFO  Log:21 - Waiting to result!
2020-10-19 21:34:11 INFO  Log:21 - Stats is visible!
2020-10-19 21:34:13 INFO  Log:11 - Test is Starting...
2020-10-19 21:34:21 INFO  Log:21 - Main page was opened
2020-10-19 21:34:22 INFO  Log:21 - Query was typed
2020-10-19 21:34:22 INFO  Log:21 - Waiting to result!
2020-10-19 21:34:22 INFO  Log:21 - Stats is visible!
2020-10-19 21:35:19 INFO  Log:11 - Test is Starting...
2020-10-19 21:36:13 INFO  Log:11 - Test is Starting...
2020-10-19 21:36:20 INFO  Log:21 - Main page was opened
2020-10-19 21:36:20 INFO  Log:21 - Query was typed
2020-10-19 21:36:22 INFO  Log:21 - Waiting to result!
2020-10-19 21:36:22 INFO  Log:21 - Stats is visible!
2020-10-19 21:36:23 INFO  Log:11 - Test is Starting...
2020-10-19 21:36:30 INFO  Log:21 - Main page was opened
2020-10-19 21:36:30 INFO  Log:21 - Query was typed
2020-10-19 21:36:31 INFO  Log:21 - Waiting to result!
2020-10-19 21:36:31 INFO  Log:21 - Stats is visible!
2020-10-19 22:50:52 INFO  Log:11 - Test is Starting...
2020-10-19 22:52:25 INFO  Log:11 - Test is Starting...
2020-10-19 22:53:22 INFO  Log:11 - Test is Starting...
2020-10-19 22:54:48 INFO  Log:11 - Test is Starting...
2020-10-20 00:17:42 INFO  Log:11 - Test is Starting...
2020-10-20 00:17:50 INFO  Log:21 - Main page was opened
2020-10-20 00:17:51 INFO  Log:21 - Query was typed
2020-10-20 00:17:52 INFO  Log:21 - Waiting to result!
2020-10-20 00:17:52 INFO  Log:21 - Stats is visible!
2020-10-20 00:17:54 INFO  Log:11 - Test is Starting...
2020-10-20 00:18:04 INFO  Log:21 - Main page was opened
2020-10-20 00:18:04 INFO  Log:21 - Query was typed
2020-10-20 00:18:06 INFO  Log:21 - Waiting to result!
2020-10-20 00:18:06 INFO  Log:21 - Stats is visible!
2020-10-20 00:19:58 INFO  Log:11 - Test is Starting...
2020-10-20 00:20:07 INFO  Log:21 - Main page was opened
2020-10-20 00:20:07 INFO  Log:21 - Query was typed
2020-10-20 00:20:08 INFO  Log:21 - Waiting to result!
2020-10-20 00:20:08 INFO  Log:21 - Stats is visible!
2020-10-20 00:20:11 INFO  Log:11 - Test is Starting...
2020-10-20 00:20:22 INFO  Log:21 - Main page was opened
2020-10-20 00:20:22 INFO  Log:21 - Query was typed
2020-10-20 00:20:24 INFO  Log:21 - Waiting to result!
2020-10-20 00:20:24 INFO  Log:21 - Stats is visible!
2020-10-20 21:28:14 INFO  Log:11 - Test is Starting...
2020-10-20 21:28:22 INFO  Log:21 - Main page was opened
2020-10-20 21:28:22 INFO  Log:21 - Query was typed
2020-10-20 21:28:23 INFO  Log:21 - Waiting to result!
2020-10-20 21:28:23 INFO  Log:21 - Stats is visible!
2020-10-20 21:28:25 INFO  Log:16 - Test is Ending...
2020-10-20 21:28:25 INFO  Log:11 - Test is Starting...
2020-10-20 21:28:32 INFO  Log:21 - Main page was opened
2020-10-20 21:28:32 INFO  Log:21 - Query was typed
2020-10-20 21:28:33 INFO  Log:21 - Waiting to result!
2020-10-20 21:28:33 INFO  Log:21 - Stats is visible!
2020-10-20 21:28:37 INFO  Log:16 - Test is Ending...
2020-10-20 21:31:58 INFO  Log:11 - Test is Starting...
2020-10-20 21:32:06 INFO  Log:21 - Main page was opened
2020-10-20 21:32:06 INFO  Log:21 - Query was typed
2020-10-20 21:32:07 INFO  Log:21 - Waiting to result!
2020-10-20 21:32:07 INFO  Log:21 - Stats is visible!
2020-10-20 21:32:09 INFO  Log:16 - Test is Ending...
2020-10-20 21:32:09 INFO  Log:11 - Test is Starting...
2020-10-20 21:32:17 INFO  Log:21 - Main page was opened
2020-10-20 21:32:17 INFO  Log:21 - Query was typed
2020-10-20 21:32:18 INFO  Log:21 - Waiting to result!
2020-10-20 21:32:18 INFO  Log:21 - Stats is visible!
2020-10-20 21:32:20 INFO  Log:16 - Test is Ending...
2020-10-20 21:36:56 INFO  Log:11 - Test is Starting...
2020-10-20 21:37:03 INFO  Log:21 - Main page was opened
2020-10-20 21:37:03 INFO  Log:21 - Query was typed
2020-10-20 21:37:04 INFO  Log:21 - Waiting to result!
2020-10-20 21:37:04 INFO  Log:21 - Stats is visible!
2020-10-20 21:37:06 INFO  Log:16 - Test is Ending...
2020-10-20 21:37:06 INFO  Log:11 - Test is Starting...
2020-10-20 21:37:13 INFO  Log:21 - Main page was opened
2020-10-20 21:37:13 INFO  Log:21 - Query was typed
2020-10-20 21:37:13 INFO  Log:21 - Waiting to result!
2020-10-20 21:37:13 INFO  Log:21 - Stats is visible!
2020-10-20 21:37:16 INFO  Log:16 - Test is Ending...
2020-10-20 21:53:32 INFO  Log:11 - Test is Starting...
2020-10-20 21:53:38 INFO  Log:21 - Main page was opened
2020-10-20 21:53:38 INFO  Log:21 - Query was typed
2020-10-20 21:53:39 INFO  Log:21 - Waiting to result!
2020-10-20 21:53:39 INFO  Log:21 - Stats is visible!
2020-10-20 21:53:41 INFO  Log:16 - Test is Ending...
2020-10-20 21:53:41 INFO  Log:11 - Test is Starting...
2020-10-20 21:53:47 INFO  Log:21 - Main page was opened
2020-10-20 21:53:47 INFO  Log:21 - Query was typed
2020-10-20 21:53:48 INFO  Log:21 - Waiting to result!
2020-10-20 21:53:48 INFO  Log:21 - Stats is visible!
2020-10-20 21:53:50 INFO  Log:16 - Test is Ending...
2020-10-20 21:57:53 INFO  Log:11 - Test is Starting...
2020-10-20 21:58:01 INFO  Log:21 - Main page was opened
2020-10-20 21:58:01 INFO  Log:21 - Query was typed
2020-10-20 21:58:02 INFO  Log:21 - Waiting to result!
2020-10-20 21:58:02 INFO  Log:21 - Stats is visible!
2020-10-20 21:58:04 INFO  Log:16 - Test is Ending...
2020-10-20 21:58:04 INFO  Log:11 - Test is Starting...
2020-10-20 21:58:13 INFO  Log:21 - Main page was opened
2020-10-20 21:58:13 INFO  Log:21 - Query was typed
2020-10-20 21:58:14 INFO  Log:21 - Waiting to result!
2020-10-20 21:58:14 INFO  Log:21 - Stats is visible!
2020-10-20 21:58:17 INFO  Log:16 - Test is Ending...
2020-10-20 22:03:59 INFO  Log:11 - Test is Starting...
2020-10-20 22:04:06 INFO  Log:21 - Main page was opened
2020-10-20 22:04:07 INFO  Log:21 - Query was typed
2020-10-20 22:04:08 INFO  Log:21 - Waiting to result!
2020-10-20 22:04:08 INFO  Log:21 - Stats is visible!
2020-10-20 22:04:10 INFO  Log:16 - Test is Ending...
2020-10-20 22:04:10 INFO  Log:11 - Test is Starting...
2020-10-20 22:04:17 INFO  Log:21 - Main page was opened
2020-10-20 22:04:17 INFO  Log:21 - Query was typed
2020-10-20 22:04:18 INFO  Log:21 - Waiting to result!
2020-10-20 22:04:18 INFO  Log:21 - Stats is visible!
2020-10-20 22:04:20 INFO  Log:16 - Test is Ending...
2020-10-20 22:43:23 INFO  Log:11 - Test is Starting...
2020-10-20 22:43:35 INFO  Log:21 - Main page was opened
2020-10-20 22:43:35 INFO  Log:21 - Query was typed
2020-10-20 22:43:36 INFO  Log:21 - Waiting to result!
2020-10-20 22:43:36 INFO  Log:21 - Stats is visible!
2020-10-20 22:43:39 INFO  Log:16 - Test is Ending...
2020-10-20 22:43:39 INFO  Log:11 - Test is Starting...
2020-10-20 22:43:46 INFO  Log:21 - Main page was opened
2020-10-20 22:43:46 INFO  Log:21 - Query was typed
2020-10-20 22:43:47 INFO  Log:21 - Waiting to result!
2020-10-20 22:43:47 INFO  Log:21 - Stats is visible!
2020-10-20 22:43:50 INFO  Log:16 - Test is Ending...
2020-10-20 22:50:24 INFO  Log:11 - Test is Starting...
2020-10-20 22:50:32 INFO  Log:21 - Main page was opened
2020-10-20 22:50:32 INFO  Log:21 - Query was typed
2020-10-20 22:50:33 INFO  Log:21 - Waiting to result!
2020-10-20 22:50:33 INFO  Log:21 - Stats is visible!
2020-10-20 22:50:35 INFO  Log:16 - Test is Ending...
2020-10-20 22:50:35 INFO  Log:11 - Test is Starting...
2020-10-20 22:50:43 INFO  Log:21 - Main page was opened
2020-10-20 22:50:43 INFO  Log:21 - Query was typed
2020-10-20 22:50:44 INFO  Log:21 - Waiting to result!
2020-10-20 22:50:44 INFO  Log:21 - Stats is visible!
2020-10-20 22:50:47 INFO  Log:16 - Test is Ending...
2020-10-20 23:00:48 INFO  Log:11 - Test is Starting...
2020-10-20 23:00:58 INFO  Log:21 - Main page was opened
2020-10-20 23:00:59 INFO  Log:21 - Query was typed
2020-10-20 23:01:00 INFO  Log:21 - Waiting to result!
2020-10-20 23:01:00 INFO  Log:21 - Stats is visible!
2020-10-20 23:01:02 INFO  Log:16 - Test is Ending...
2020-10-20 23:01:02 INFO  Log:11 - Test is Starting...
2020-10-20 23:01:10 INFO  Log:21 - Main page was opened
2020-10-20 23:01:10 INFO  Log:21 - Query was typed
2020-10-20 23:01:11 INFO  Log:21 - Waiting to result!
2020-10-20 23:01:11 INFO  Log:21 - Stats is visible!
2020-10-20 23:01:13 INFO  Log:16 - Test is Ending...
2020-10-20 23:09:26 INFO  Log:11 - Test is Starting...
2020-10-20 23:09:34 INFO  Log:21 - Main page was opened
2020-10-20 23:09:35 INFO  Log:21 - Query was typed
2020-10-20 23:09:36 INFO  Log:21 - Waiting to result!
2020-10-20 23:09:36 INFO  Log:21 - Stats is visible!
2020-10-20 23:09:38 INFO  Log:16 - Test is Ending...
2020-10-20 23:09:38 INFO  Log:11 - Test is Starting...
2020-10-20 23:09:46 INFO  Log:21 - Main page was opened
2020-10-20 23:09:47 INFO  Log:21 - Query was typed
2020-10-20 23:09:47 INFO  Log:21 - Waiting to result!
2020-10-20 23:09:47 INFO  Log:21 - Stats is visible!
2020-10-20 23:09:50 INFO  Log:16 - Test is Ending...
2020-10-21 00:07:17 INFO  Log:11 - Test is Starting...
2020-10-21 00:07:28 INFO  Log:21 - Main page was opened
2020-10-21 00:07:28 INFO  Log:21 - Query was typed
2020-10-21 00:07:29 INFO  Log:21 - Waiting to result!
2020-10-21 00:07:29 INFO  Log:21 - Stats is visible!
2020-10-21 00:07:31 INFO  Log:16 - Test is Ending...
2020-10-21 00:07:31 INFO  Log:11 - Test is Starting...
2020-10-21 00:07:39 INFO  Log:21 - Main page was opened
2020-10-21 00:07:39 INFO  Log:21 - Query was typed
2020-10-21 00:07:40 INFO  Log:21 - Waiting to result!
2020-10-21 00:07:40 INFO  Log:21 - Stats is visible!
2020-10-21 00:07:43 INFO  Log:16 - Test is Ending...
2020-10-21 21:36:39 INFO  Log:11 - Test is Starting...
2020-10-21 21:36:55 INFO  Log:21 - Main page was opened
2020-10-21 21:36:55 INFO  Log:21 - Query was typed
2020-10-21 21:36:56 INFO  Log:21 - Waiting to result!
2020-10-21 21:36:56 INFO  Log:21 - Stats is visible!
2020-10-21 21:36:58 INFO  Log:16 - Test is Ending...
2020-10-21 21:36:58 INFO  Log:11 - Test is Starting...
2020-10-21 21:37:06 INFO  Log:21 - Main page was opened
2020-10-21 21:37:06 INFO  Log:21 - Query was typed
2020-10-21 21:37:07 INFO  Log:21 - Waiting to result!
2020-10-21 21:37:07 INFO  Log:21 - Stats is visible!
2020-10-21 21:37:10 INFO  Log:16 - Test is Ending...
2020-10-21 21:51:33 INFO  Log:11 - Test is Starting...
2020-10-21 21:51:49 INFO  Log:21 - Main page was opened
2020-10-21 21:51:49 INFO  Log:21 - Query was typed
2020-10-21 21:51:51 INFO  Log:21 - Waiting to result!
2020-10-21 21:51:51 INFO  Log:21 - Stats is visible!
2020-10-21 21:51:52 INFO  Log:16 - Test is Ending...
2020-10-21 21:51:52 INFO  Log:11 - Test is Starting...
2020-10-21 21:52:00 INFO  Log:21 - Main page was opened
2020-10-21 21:52:01 INFO  Log:21 - Query was typed
2020-10-21 21:52:02 INFO  Log:21 - Waiting to result!
2020-10-21 21:52:02 INFO  Log:21 - Stats is visible!
2020-10-21 21:52:05 INFO  Log:16 - Test is Ending...
2020-10-21 21:59:08 INFO  Log:11 - Test is Starting...
2020-10-21 21:59:18 INFO  Log:21 - Main page was opened
2020-10-21 21:59:18 INFO  Log:21 - Query was typed
2020-10-21 21:59:19 INFO  Log:21 - Waiting to result!
2020-10-21 21:59:19 INFO  Log:21 - Stats is visible!
2020-10-21 21:59:21 INFO  Log:16 - Test is Ending...
2020-10-21 21:59:21 INFO  Log:11 - Test is Starting...
2020-10-21 21:59:30 INFO  Log:21 - Main page was opened
2020-10-21 21:59:30 INFO  Log:21 - Query was typed
2020-10-21 21:59:31 INFO  Log:21 - Waiting to result!
2020-10-21 21:59:31 INFO  Log:21 - Stats is visible!
2020-10-21 21:59:34 INFO  Log:16 - Test is Ending...
2020-10-21 22:30:31 INFO  Log:11 - Test is Starting...
2020-10-21 22:30:45 INFO  Log:21 - Main page was opened
2020-10-21 22:30:45 INFO  Log:21 - Query was typed
2020-10-21 22:30:46 INFO  Log:21 - Waiting to result!
2020-10-21 22:30:46 INFO  Log:21 - Stats is visible!
2020-10-21 22:30:48 INFO  Log:16 - Test is Ending...
2020-10-21 22:30:48 INFO  Log:11 - Test is Starting...
2020-10-21 22:30:56 INFO  Log:21 - Main page was opened
2020-10-21 22:30:56 INFO  Log:21 - Query was typed
2020-10-21 22:30:57 INFO  Log:21 - Waiting to result!
2020-10-21 22:30:57 INFO  Log:21 - Stats is visible!
2020-10-21 22:31:00 INFO  Log:16 - Test is Ending...
2020-10-22 21:05:44 INFO  Log:11 - Test is Starting...
2020-10-22 21:05:52 INFO  Log:21 - Main page was opened
2020-10-22 21:05:52 INFO  Log:21 - Query was typed
2020-10-22 21:05:53 INFO  Log:21 - Waiting to result!
2020-10-22 21:05:53 INFO  Log:21 - Stats is visible!
2020-10-22 21:05:55 INFO  Log:16 - Test is Ending...
2020-10-22 21:05:55 INFO  Log:11 - Test is Starting...
2020-10-22 21:06:02 INFO  Log:21 - Main page was opened
2020-10-22 21:06:03 INFO  Log:21 - Query was typed
2020-10-22 21:06:04 INFO  Log:21 - Waiting to result!
2020-10-22 21:06:04 INFO  Log:21 - Stats is visible!
2020-10-22 21:06:06 INFO  Log:16 - Test is Ending...
2020-10-22 21:18:37 INFO  Log:11 - Test is Starting...
2020-10-22 21:18:49 INFO  Log:21 - Main page was opened
2020-10-22 21:18:49 INFO  Log:21 - Query was typed
2020-10-22 21:18:51 INFO  Log:21 - Waiting to result!
2020-10-22 21:18:51 INFO  Log:21 - Stats is visible!
2020-10-22 21:18:53 INFO  Log:16 - Test is Ending...
2020-10-22 21:18:53 INFO  Log:11 - Test is Starting...
2020-10-22 21:19:01 INFO  Log:21 - Main page was opened
2020-10-22 21:19:02 INFO  Log:21 - Query was typed
2020-10-22 21:19:02 INFO  Log:21 - Waiting to result!
2020-10-22 21:19:02 INFO  Log:21 - Stats is visible!
2020-10-22 21:19:05 INFO  Log:16 - Test is Ending...
2020-10-22 21:24:06 INFO  Log:11 - Test is Starting...
2020-10-22 21:24:18 INFO  Log:21 - Main page was opened
2020-10-22 21:24:18 INFO  Log:21 - Query was typed
2020-10-22 21:24:19 INFO  Log:21 - Waiting to result!
2020-10-22 21:24:19 INFO  Log:21 - Stats is visible!
2020-10-22 21:24:22 INFO  Log:16 - Test is Ending...
2020-10-22 21:24:22 INFO  Log:11 - Test is Starting...
2020-10-22 21:24:31 INFO  Log:21 - Main page was opened
2020-10-22 21:24:31 INFO  Log:21 - Query was typed
2020-10-22 21:24:32 INFO  Log:21 - Waiting to result!
2020-10-22 21:24:32 INFO  Log:21 - Stats is visible!
2020-10-22 21:24:36 INFO  Log:16 - Test is Ending...
2020-10-22 22:14:21 INFO  Log:11 - Test is Starting...
2020-10-22 22:14:32 INFO  Log:21 - Main page was opened
2020-10-22 22:14:32 INFO  Log:21 - Query was typed
2020-10-22 22:14:33 INFO  Log:21 - Waiting to result!
2020-10-22 22:14:33 INFO  Log:21 - Stats is visible!
2020-10-22 22:14:35 INFO  Log:16 - Test is Ending...
2020-10-22 22:14:35 INFO  Log:11 - Test is Starting...
2020-10-22 22:14:46 INFO  Log:21 - Main page was opened
2020-10-22 22:14:46 INFO  Log:21 - Query was typed
2020-10-22 22:14:47 INFO  Log:21 - Waiting to result!
2020-10-22 22:14:47 INFO  Log:21 - Stats is visible!
2020-10-22 22:14:51 INFO  Log:16 - Test is Ending...
2020-10-22 22:22:19 INFO  Log:11 - Test is Starting...
2020-10-22 22:22:29 INFO  Log:21 - Main page was opened
2020-10-22 22:22:29 INFO  Log:21 - Query was typed
2020-10-22 22:22:31 INFO  Log:21 - Waiting to result!
2020-10-22 22:22:31 INFO  Log:21 - Stats is visible!
2020-10-22 22:22:33 INFO  Log:16 - Test is Ending...
2020-10-22 22:22:33 INFO  Log:11 - Test is Starting...
2020-10-22 22:22:42 INFO  Log:21 - Main page was opened
2020-10-22 22:22:42 INFO  Log:21 - Query was typed
2020-10-22 22:22:44 INFO  Log:21 - Waiting to result!
2020-10-22 22:22:44 INFO  Log:21 - Stats is visible!
2020-10-22 22:22:47 INFO  Log:16 - Test is Ending...
2020-10-22 22:26:02 INFO  Log:11 - Test is Starting...
2020-10-22 22:26:14 INFO  Log:21 - Main page was opened
2020-10-22 22:26:15 INFO  Log:21 - Query was typed
2020-10-22 22:26:16 INFO  Log:21 - Waiting to result!
2020-10-22 22:26:16 INFO  Log:21 - Stats is visible!
2020-10-22 22:26:18 INFO  Log:16 - Test is Ending...
2020-10-22 22:26:18 INFO  Log:11 - Test is Starting...
2020-10-22 22:26:27 INFO  Log:21 - Main page was opened
2020-10-22 22:26:27 INFO  Log:21 - Query was typed
2020-10-22 22:26:28 INFO  Log:21 - Waiting to result!
2020-10-22 22:26:28 INFO  Log:21 - Stats is visible!
2020-10-22 22:26:33 INFO  Log:16 - Test is Ending...
2020-10-22 22:45:10 INFO  Log:11 - Test is Starting...
2020-10-22 22:45:26 INFO  Log:21 - Main page was opened
2020-10-22 22:45:27 INFO  Log:21 - Query was typed
2020-10-22 22:45:28 INFO  Log:21 - Waiting to result!
2020-10-22 22:45:28 INFO  Log:21 - Stats is visible!
2020-10-22 22:45:31 INFO  Log:16 - Test is Ending...
2020-10-22 22:45:31 INFO  Log:11 - Test is Starting...
2020-10-22 22:45:39 INFO  Log:21 - Main page was opened
2020-10-22 22:45:39 INFO  Log:21 - Query was typed
2020-10-22 22:45:40 INFO  Log:21 - Waiting to result!
2020-10-22 22:45:40 INFO  Log:21 - Stats is visible!
2020-10-22 22:45:44 INFO  Log:16 - Test is Ending...
2020-10-22 22:50:58 INFO  Log:11 - Test is Starting...
2020-10-22 22:51:11 INFO  Log:21 - Main page was opened
2020-10-22 22:51:11 INFO  Log:21 - Query was typed
2020-10-22 22:51:13 INFO  Log:21 - Waiting to result!
2020-10-22 22:51:13 INFO  Log:21 - Stats is visible!
2020-10-22 22:51:15 INFO  Log:16 - Test is Ending...
2020-10-22 22:51:15 INFO  Log:11 - Test is Starting...
2020-10-22 22:51:25 INFO  Log:21 - Main page was opened
2020-10-22 22:51:25 INFO  Log:21 - Query was typed
2020-10-22 22:51:26 INFO  Log:21 - Waiting to result!
2020-10-22 22:51:26 INFO  Log:21 - Stats is visible!
2020-10-22 22:51:31 INFO  Log:16 - Test is Ending...
2020-10-22 23:23:58 INFO  Log:11 - Test is Starting...
2020-10-22 23:24:09 INFO  Log:21 - Main page was opened
2020-10-22 23:24:09 INFO  Log:21 - Query was typed
2020-10-22 23:24:10 INFO  Log:21 - Waiting to result!
2020-10-22 23:24:10 INFO  Log:21 - Stats is visible!
2020-10-22 23:24:13 INFO  Log:16 - Test is Ending...
2020-10-22 23:24:13 INFO  Log:11 - Test is Starting...
2020-10-22 23:24:21 INFO  Log:21 - Main page was opened
2020-10-22 23:24:21 INFO  Log:21 - Query was typed
2020-10-22 23:24:22 INFO  Log:21 - Waiting to result!
2020-10-22 23:24:22 INFO  Log:21 - Stats is visible!
2020-10-22 23:24:25 INFO  Log:16 - Test is Ending...
2020-10-22 23:26:08 INFO  Log:11 - Test is Starting...
2020-10-22 23:26:20 INFO  Log:21 - Main page was opened
2020-10-22 23:26:20 INFO  Log:21 - Query was typed
2020-10-22 23:26:21 INFO  Log:21 - Waiting to result!
2020-10-22 23:26:21 INFO  Log:21 - Stats is visible!
2020-10-22 23:26:23 INFO  Log:16 - Test is Ending...
2020-10-22 23:26:23 INFO  Log:11 - Test is Starting...
2020-10-22 23:26:32 INFO  Log:21 - Main page was opened
2020-10-22 23:26:32 INFO  Log:21 - Query was typed
2020-10-22 23:26:33 INFO  Log:21 - Waiting to result!
2020-10-22 23:26:33 INFO  Log:21 - Stats is visible!
2020-10-22 23:26:36 INFO  Log:16 - Test is Ending...
2020-10-22 23:28:41 INFO  Log:11 - Test is Starting...
2020-10-22 23:28:52 INFO  Log:21 - Main page was opened
2020-10-22 23:28:52 INFO  Log:21 - Query was typed
2020-10-22 23:28:54 INFO  Log:21 - Waiting to result!
2020-10-22 23:28:54 INFO  Log:21 - Stats is visible!
2020-10-22 23:28:56 INFO  Log:16 - Test is Ending...
2020-10-22 23:28:56 INFO  Log:11 - Test is Starting...
2020-10-22 23:29:07 INFO  Log:21 - Main page was opened
2020-10-22 23:29:07 INFO  Log:21 - Query was typed
2020-10-22 23:29:08 INFO  Log:21 - Waiting to result!
2020-10-22 23:29:08 INFO  Log:21 - Stats is visible!
2020-10-22 23:29:12 INFO  Log:16 - Test is Ending...
2020-10-22 23:30:10 INFO  Log:11 - Test is Starting...
2020-10-22 23:30:21 INFO  Log:21 - Main page was opened
2020-10-22 23:30:21 INFO  Log:21 - Query was typed
2020-10-22 23:30:23 INFO  Log:21 - Waiting to result!
2020-10-22 23:30:23 INFO  Log:21 - Stats is visible!
2020-10-22 23:30:25 INFO  Log:16 - Test is Ending...
2020-10-22 23:30:25 INFO  Log:11 - Test is Starting...
2020-10-22 23:30:35 INFO  Log:21 - Main page was opened
2020-10-22 23:30:35 INFO  Log:21 - Query was typed
2020-10-22 23:30:37 INFO  Log:21 - Waiting to result!
2020-10-22 23:30:37 INFO  Log:21 - Stats is visible!
2020-10-22 23:30:41 INFO  Log:16 - Test is Ending...
2020-10-22 23:32:43 INFO  Log:11 - Test is Starting...
2020-10-22 23:32:56 INFO  Log:21 - Main page was opened
2020-10-22 23:32:56 INFO  Log:21 - Query was typed
2020-10-22 23:32:57 INFO  Log:21 - Waiting to result!
2020-10-22 23:32:57 INFO  Log:21 - Stats is visible!
2020-10-22 23:33:00 INFO  Log:16 - Test is Ending...
2020-10-22 23:33:00 INFO  Log:11 - Test is Starting...
2020-10-22 23:33:11 INFO  Log:21 - Main page was opened
2020-10-22 23:33:11 INFO  Log:21 - Query was typed
2020-10-22 23:33:12 INFO  Log:21 - Waiting to result!
2020-10-22 23:33:12 INFO  Log:21 - Stats is visible!
2020-10-22 23:33:15 INFO  Log:16 - Test is Ending...
2020-10-22 23:36:28 INFO  Log:11 - Test is Starting...
2020-10-22 23:36:42 INFO  Log:21 - Main page was opened
2020-10-22 23:36:42 INFO  Log:21 - Query was typed
2020-10-22 23:36:43 INFO  Log:21 - Waiting to result!
2020-10-22 23:36:43 INFO  Log:21 - Stats is visible!
2020-10-22 23:36:45 INFO  Log:16 - Test is Ending...
2020-10-22 23:36:45 INFO  Log:11 - Test is Starting...
2020-10-22 23:36:55 INFO  Log:21 - Main page was opened
2020-10-22 23:36:56 INFO  Log:21 - Query was typed
2020-10-22 23:36:56 INFO  Log:21 - Waiting to result!
2020-10-22 23:36:56 INFO  Log:21 - Stats is visible!
2020-10-22 23:37:01 INFO  Log:16 - Test is Ending...
